Determining if the pthread_create exist failed with the following output:
Change Dir: /home/emlab/catkin_robocup/build/CMakeFiles/CMakeTmp

Run Build Command:"/usr/bin/make" "cmTC_00ee9/fast"
/usr/bin/make -f CMakeFiles/cmTC_00ee9.dir/build.make CMakeFiles/cmTC_00ee9.dir/build
make[1]: ディレクトリ `/home/emlab/catkin_robocup/build/CMakeFiles/CMakeTmp' に入ります
Building C object CMakeFiles/cmTC_00ee9.dir/CheckSymbolExists.c.o
/usr/bin/cc     -o CMakeFiles/cmTC_00ee9.dir/CheckSymbolExists.c.o   -c /home/emlab/catkin_robocup/build/CMakeFiles/CMakeTmp/CheckSymbolExists.c
Linking C executable cmTC_00ee9
/usr/local/bin/cmake -E cmake_link_script CMakeFiles/cmTC_00ee9.dir/link.txt --verbose=1
/usr/bin/cc       CMakeFiles/cmTC_00ee9.dir/CheckSymbolExists.c.o  -o cmTC_00ee9 -rdynamic 
CMakeFiles/cmTC_00ee9.dir/CheckSymbolExists.c.o: 関数 `main' 内:
CheckSymbolExists.c:(.text+0x16): `pthread_create' に対する定義されていない参照です
collect2: error: ld returned 1 exit status
make[1]: *** [cmTC_00ee9] エラー 1
make[1]: ディレクトリ `/home/emlab/catkin_robocup/build/CMakeFiles/CMakeTmp' から出ます
make: *** [cmTC_00ee9/fast] エラー 2

File /home/emlab/catkin_robocup/build/CMakeFiles/CMakeTmp/CheckSymbolExists.c:
/* */
#include <pthread.h>

int main(int argc, char** argv)
{
  (void)argv;
#ifndef pthread_create
  return ((int*)(&pthread_create))[argc];
#else
  (void)argc;
  return 0;
#endif
}

Determining if the function pthread_create exists in the pthreads failed with the following output:
Change Dir: /home/emlab/catkin_robocup/build/CMakeFiles/CMakeTmp

Run Build Command:"/usr/bin/make" "cmTC_a914f/fast"
/usr/bin/make -f CMakeFiles/cmTC_a914f.dir/build.make CMakeFiles/cmTC_a914f.dir/build
make[1]: ディレクトリ `/home/emlab/catkin_robocup/build/CMakeFiles/CMakeTmp' に入ります
Building C object CMakeFiles/cmTC_a914f.dir/CheckFunctionExists.c.o
/usr/bin/cc    -DCHECK_FUNCTION_EXISTS=pthread_create   -o CMakeFiles/cmTC_a914f.dir/CheckFunctionExists.c.o   -c /usr/local/share/cmake-3.7/Modules/CheckFunctionExists.c
Linking C executable cmTC_a914f
/usr/local/bin/cmake -E cmake_link_script CMakeFiles/cmTC_a914f.dir/link.txt --verbose=1
/usr/bin/cc   -DCHECK_FUNCTION_EXISTS=pthread_create    CMakeFiles/cmTC_a914f.dir/CheckFunctionExists.c.o  -o cmTC_a914f -rdynamic -lpthreads 
/usr/bin/ld: -lpthreads が見つかりません
collect2: error: ld returned 1 exit status
make[1]: *** [cmTC_a914f] エラー 1
make[1]: ディレクトリ `/home/emlab/catkin_robocup/build/CMakeFiles/CMakeTmp' から出ます
make: *** [cmTC_a914f/fast] エラー 2


